{"C:\\Users\\Denis\\Desktop\\Week12\\exercises.js": {"path":"C:\\Users\\Denis\\Desktop\\Week12\\exercises.js","statementMap":{"0":{"start":{"line":5,"column":14},"end":{"line":7,"column":1}},"1":{"start":{"line":6,"column":4},"end":{"line":6,"column":16}},"2":{"start":{"line":11,"column":13},"end":{"line":13,"column":1}},"3":{"start":{"line":12,"column":4},"end":{"line":12,"column":31}},"4":{"start":{"line":17,"column":14},"end":{"line":19,"column":1}},"5":{"start":{"line":18,"column":4},"end":{"line":18,"column":33}},"6":{"start":{"line":23,"column":23},"end":{"line":25,"column":1}},"7":{"start":{"line":24,"column":4},"end":{"line":24,"column":29}},"8":{"start":{"line":29,"column":17},"end":{"line":35,"column":1}},"9":{"start":{"line":30,"column":4},"end":{"line":34,"column":5}},"10":{"start":{"line":31,"column":6},"end":{"line":31,"column":41}},"11":{"start":{"line":33,"column":6},"end":{"line":33,"column":33}},"12":{"start":{"line":39,"column":25},"end":{"line":46,"column":1}},"13":{"start":{"line":40,"column":3},"end":{"line":40,"column":55}},"14":{"start":{"line":40,"column":36},"end":{"line":40,"column":55}},"15":{"start":{"line":41,"column":15},"end":{"line":41,"column":17}},"16":{"start":{"line":42,"column":3},"end":{"line":44,"column":5}},"17":{"start":{"line":42,"column":16},"end":{"line":42,"column":17}},"18":{"start":{"line":43,"column":5},"end":{"line":43,"column":34}},"19":{"start":{"line":45,"column":4},"end":{"line":45,"column":16}},"20":{"start":{"line":50,"column":17},"end":{"line":52,"column":1}},"21":{"start":{"line":51,"column":4},"end":{"line":51,"column":36}},"22":{"start":{"line":56,"column":16},"end":{"line":61,"column":1}},"23":{"start":{"line":58,"column":6},"end":{"line":58,"column":19}},"24":{"start":{"line":60,"column":4},"end":{"line":60,"column":37}},"25":{"start":{"line":65,"column":17},"end":{"line":72,"column":1}},"26":{"start":{"line":66,"column":17},"end":{"line":66,"column":31}},"27":{"start":{"line":67,"column":19},"end":{"line":67,"column":46}},"28":{"start":{"line":68,"column":4},"end":{"line":70,"column":5}},"29":{"start":{"line":68,"column":17},"end":{"line":68,"column":18}},"30":{"start":{"line":69,"column":8},"end":{"line":69,"column":30}},"31":{"start":{"line":71,"column":4},"end":{"line":71,"column":18}}},"fnMap":{"0":{"name":"(anonymous_0)","decl":{"start":{"line":5,"column":14},"end":{"line":5,"column":15}},"loc":{"start":{"line":5,"column":25},"end":{"line":7,"column":1}},"line":5},"1":{"name":"(anonymous_1)","decl":{"start":{"line":11,"column":13},"end":{"line":11,"column":14}},"loc":{"start":{"line":11,"column":37},"end":{"line":13,"column":1}},"line":11},"2":{"name":"(anonymous_2)","decl":{"start":{"line":17,"column":14},"end":{"line":17,"column":15}},"loc":{"start":{"line":17,"column":40},"end":{"line":19,"column":1}},"line":17},"3":{"name":"(anonymous_3)","decl":{"start":{"line":23,"column":23},"end":{"line":23,"column":24}},"loc":{"start":{"line":23,"column":45},"end":{"line":25,"column":1}},"line":23},"4":{"name":"(anonymous_4)","decl":{"start":{"line":29,"column":17},"end":{"line":29,"column":18}},"loc":{"start":{"line":29,"column":41},"end":{"line":35,"column":1}},"line":29},"5":{"name":"(anonymous_5)","decl":{"start":{"line":39,"column":25},"end":{"line":39,"column":26}},"loc":{"start":{"line":39,"column":59},"end":{"line":46,"column":1}},"line":39},"6":{"name":"(anonymous_6)","decl":{"start":{"line":50,"column":17},"end":{"line":50,"column":18}},"loc":{"start":{"line":50,"column":38},"end":{"line":52,"column":1}},"line":50},"7":{"name":"(anonymous_7)","decl":{"start":{"line":56,"column":16},"end":{"line":56,"column":17}},"loc":{"start":{"line":56,"column":25},"end":{"line":61,"column":1}},"line":56},"8":{"name":"cuadrado","decl":{"start":{"line":57,"column":13},"end":{"line":57,"column":21}},"loc":{"start":{"line":57,"column":25},"end":{"line":59,"column":5}},"line":57},"9":{"name":"(anonymous_9)","decl":{"start":{"line":65,"column":17},"end":{"line":65,"column":18}},"loc":{"start":{"line":65,"column":39},"end":{"line":72,"column":1}},"line":65}},"branchMap":{"0":{"loc":{"start":{"line":30,"column":4},"end":{"line":34,"column":5}},"type":"if","locations":[{"start":{"line":30,"column":4},"end":{"line":34,"column":5}},{"start":{"line":30,"column":4},"end":{"line":34,"column":5}}],"line":30},"1":{"loc":{"start":{"line":40,"column":3},"end":{"line":40,"column":55}},"type":"if","locations":[{"start":{"line":40,"column":3},"end":{"line":40,"column":55}},{"start":{"line":40,"column":3},"end":{"line":40,"column":55}}],"line":40}},"s":{"0":1,"1":1,"2":1,"3":1,"4":1,"5":1,"6":1,"7":1,"8":1,"9":2,"10":1,"11":1,"12":1,"13":2,"14":1,"15":2,"16":2,"17":2,"18":17,"19":2,"20":1,"21":1,"22":1,"23":2,"24":1,"25":1,"26":1,"27":1,"28":1,"29":1,"30":4,"31":1},"f":{"0":1,"1":1,"2":1,"3":1,"4":2,"5":2,"6":1,"7":1,"8":2,"9":1},"b":{"0":[1,1],"1":[1,1]},"_coverageSchema":"1a1c01bbd47fc00a2c39e90264f33305004495a9","hash":"f63e994b4643ee6659d952d6f1d52cf064df5833"}
}
