TN:
SF:exercises.js
FN:5,(anonymous_0)
FN:11,(anonymous_1)
FN:17,(anonymous_2)
FN:23,(anonymous_3)
FN:29,(anonymous_4)
FN:39,(anonymous_5)
FN:50,(anonymous_6)
FN:56,(anonymous_7)
FN:57,cuadrado
FN:65,(anonymous_9)
FNF:10
FNH:10
FNDA:1,(anonymous_0)
FNDA:1,(anonymous_1)
FNDA:1,(anonymous_2)
FNDA:1,(anonymous_3)
FNDA:2,(anonymous_4)
FNDA:2,(anonymous_5)
FNDA:1,(anonymous_6)
FNDA:1,(anonymous_7)
FNDA:2,cuadrado
FNDA:1,(anonymous_9)
DA:5,1
DA:6,1
DA:11,1
DA:12,1
DA:17,1
DA:18,1
DA:23,1
DA:24,1
DA:29,1
DA:30,2
DA:31,1
DA:33,1
DA:39,1
DA:40,2
DA:41,2
DA:42,2
DA:43,17
DA:45,2
DA:50,1
DA:51,1
DA:56,1
DA:58,2
DA:60,1
DA:65,1
DA:66,1
DA:67,1
DA:68,1
DA:69,4
DA:71,1
LF:29
LH:29
BRDA:30,0,0,1
BRDA:30,0,1,1
BRDA:40,1,0,1
BRDA:40,1,1,1
BRF:4
BRH:4
end_of_record
